<?xml version="1.0" encoding="UTF-8"?>
<!-- Generated by org.testng.reporters.JUnitXMLReporter -->
<testsuite ignored="0" hostname="LAPTOP-12AOOIRF" failures="0" tests="4" name="Default test" time="29.933" errors="0" timestamp="2025-05-21T00:51:17 EDT">
  <testcase classname="tests.LoginTest" name="the_user_leave_the_username_field_empty_and_click_login" time="0.274"/>
  <testcase classname="tests.LoginTest" name="the_user_leave_the_password_field_empty_and_click_login" time="0.303"/>
  <testcase classname="tests.LoginTest" name="testblankLogin" time="0.684"/>
  <testcase classname="tests.LoginTest" name="testValidLogin" time="0.992"/>
</testsuite> <!-- Default test -->
