<?xml version="1.0" encoding="UTF-8"?>
<!-- Generated by org.testng.reporters.JUnitXMLReporter -->
<testsuite ignored="0" hostname="DESKTOP-TCJEROD" failures="0" tests="9" name="dataStructureIntro" time="89.181" errors="0" timestamp="2025-05-16T22:53:09 PDT">
  <testcase classname="tests.DataStructureIntroTest" name="dataStructureValidation" time="1.131"/>
  <testcase classname="tests.DataStructureIntroTest" name="timeComplexity" time="0.951"/>
  <testcase classname="tests.DataStructureIntroTest" name="practiceQuestionsLinkValidation" time="1.309"/>
  <testcase classname="tests.DataStructureIntroTest" name="tryhereValidation" time="3.593"/>
  <testcase classname="tests.DataStructureIntroTest" name="tryEditorValidationWithoutCode" time="4.333"/>
  <testcase classname="tests.DataStructureIntroTest" name="incorrectPythonCodeValidation" time="18.276"/>
  <testcase classname="tests.DataStructureIntroTest" name="validPythonCodeValidation" time="14.234"/>
  <testcase classname="tests.DataStructureIntroTest" name="navigateBack" time="2.396"/>
  <testcase classname="tests.DataStructureIntroTest" name="signoutValidation" time="4.143"/>
</testsuite> <!-- dataStructureIntro -->
