<?xml version="1.0" encoding="UTF-8"?>
<!-- Generated by org.testng.reporters.JUnitXMLReporter -->
<testsuite ignored="0" hostname="DESKTOP-TCJEROD" failures="1" tests="8" name="dsAlgoModules" time="118.552" errors="0" timestamp="2025-05-20T18:21:55 PDT">
  <testcase classname="tests.RegisterTest" name="registerPageValidation" time="0.176"/>
  <testcase classname="tests.RegisterTest" name="registerValidationWithoutUserInfo" time="1.077"/>
  <testcase classname="tests.RegisterTest" name="registerValidationWithInvalidConfirmPwd" time="27.029"/>
  <testcase classname="tests.RegisterTest" name="registerValidationWithInvalidData" time="14.121"/>
  <testcase classname="tests.RegisterTest" name="registerValidationWithInvalidData" time="13.513"/>
  <testcase classname="tests.RegisterTest" name="registerValidationWithInvalidData" time="13.175"/>
  <testcase classname="tests.RegisterTest" name="registerWithValidData" time="14.212">
    <failure type="java.lang.AssertionError" message="The following asserts failed:
	expected [NumpyNinja] but found [Registration],
	expected [true] but found [false]">
      <![CDATA[java.lang.AssertionError: The following asserts failed:
expected [NumpyNinja] but found [Registration],
expected [true] but found [false]
at tests.RegisterTest.registerWithValidData(RegisterTest.java:90)
at java.base/java.util.ArrayList.forEach(ArrayList.java:1597)
... Removed 27 stack frames]]>
    </failure>
  </testcase> <!-- registerWithValidData -->
  <testcase classname="tests.RegisterTest" name="loginButtonValidationOnRegisterPage" time="0.314"/>
</testsuite> <!-- dsAlgoModules -->
