<?xml version="1.0" encoding="UTF-8"?>
<testng-results ignored="24" total="25" passed="1" failed="0" skipped="0">
  <reporter-output>
  </reporter-output>
  <suite started-at="2025-05-21T19:51:31 CDT" name="Default suite" finished-at="2025-05-21T19:51:41 CDT" duration-ms="10045">
    <groups>
    </groups>
    <test started-at="2025-05-21T19:51:31 CDT" name="Default test" finished-at="2025-05-21T19:51:41 CDT" duration-ms="10045">
      <class name="tests.ArrayTest">
        <test-method is-config="true" signature="setUp()[pri:0, instance:tests.ArrayTest@762ef0ea]" started-at="2025-05-21T19:51:31 CDT" name="setUp" finished-at="2025-05-21T19:51:35 CDT" duration-ms="4386" status="PASS">
          <reporter-output>
          </reporter-output>
        </test-method> <!-- setUp -->
        <test-method is-config="true" signature="loginAndSetUp()[pri:0, instance:tests.ArrayTest@762ef0ea]" started-at="2025-05-21T19:51:35 CDT" name="loginAndSetUp" finished-at="2025-05-21T19:51:37 CDT" duration-ms="1837" status="PASS">
          <reporter-output>
          </reporter-output>
        </test-method> <!-- loginAndSetUp -->
        <test-method signature="VerifyTryHere()[pri:3, instance:tests.ArrayTest@762ef0ea]" started-at="2025-05-21T19:51:37 CDT" name="VerifyTryHere" finished-at="2025-05-21T19:51:40 CDT" duration-ms="3288" status="PASS">
          <reporter-output>
          </reporter-output>
        </test-method> <!-- VerifyTryHere -->
        <test-method is-config="true" signature="tearDown()[pri:0, instance:tests.ArrayTest@762ef0ea]" started-at="2025-05-21T19:51:40 CDT" name="tearDown" finished-at="2025-05-21T19:51:41 CDT" duration-ms="434" status="PASS">
          <reporter-output>
          </reporter-output>
        </test-method> <!-- tearDown -->
      </class> <!-- tests.ArrayTest -->
    </test> <!-- Default test -->
  </suite> <!-- Default suite -->
</testng-results>
