<?xml version="1.0" encoding="UTF-8"?>
<testng-results ignored="0" total="1" passed="1" failed="0" skipped="0">
  <reporter-output>
  </reporter-output>
  <suite started-at="2025-05-16T12:46:05 EDT" name="Default suite" finished-at="2025-05-16T12:46:11 EDT" duration-ms="6116">
    <groups>
    </groups>
    <test started-at="2025-05-16T12:46:05 EDT" name="Default test" finished-at="2025-05-16T12:46:11 EDT" duration-ms="6116">
      <class name="tests.HomeTest">
        <test-method is-config="true" signature="setup(java.lang.String)[pri:0, instance:tests.HomeTest@5c671d7f]" started-at="2025-05-16T12:46:05 EDT" name="setup" finished-at="2025-05-16T12:46:10 EDT" duration-ms="5791" status="PASS">
          <params>
            <param index="0">
              <value>
                <![CDATA[chrome]]>
              </value>
            </param>
          </params>
          <reporter-output>
          </reporter-output>
        </test-method> <!-- setup -->
        <test-method signature="the_user_should_see_all_header_elements()[pri:1, instance:tests.HomeTest@5c671d7f]" started-at="2025-05-16T12:46:10 EDT" name="the_user_should_see_all_header_elements" finished-at="2025-05-16T12:46:11 EDT" duration-ms="269" status="PASS">
          <reporter-output>
          </reporter-output>
        </test-method> <!-- the_user_should_see_all_header_elements -->
      </class> <!-- tests.HomeTest -->
    </test> <!-- Default test -->
  </suite> <!-- Default suite -->
</testng-results>
