<?xml version="1.0" encoding="UTF-8"?>
<testng-results ignored="0" total="9" passed="9" failed="0" skipped="0">
  <reporter-output>
  </reporter-output>
  <suite started-at="2025-05-16T22:51:40 PDT" name="ds-algo" finished-at="2025-05-16T22:53:09 PDT" duration-ms="89181">
    <groups>
    </groups>
    <test started-at="2025-05-16T22:51:40 PDT" name="dataStructureIntro" finished-at="2025-05-16T22:53:09 PDT" duration-ms="89181">
      <class name="tests.DataStructureIntroTest">
        <test-method is-config="true" signature="setUp()[pri:0, instance:tests.DataStructureIntroTest@c86b9e3]" started-at="2025-05-16T22:51:40 PDT" name="setUp" finished-at="2025-05-16T22:51:43 PDT" duration-ms="3430" status="PASS">
          <reporter-output>
          </reporter-output>
        </test-method> <!-- setUp -->
        <test-method is-config="true" signature="pageSetup()[pri:0, instance:tests.DataStructureIntroTest@c86b9e3]" started-at="2025-05-16T22:51:44 PDT" name="pageSetup" finished-at="2025-05-16T22:51:45 PDT" duration-ms="1507" status="PASS">
          <reporter-output>
          </reporter-output>
        </test-method> <!-- pageSetup -->
        <test-method signature="dataStructureValidation(java.lang.String)[pri:1, instance:tests.DataStructureIntroTest@c86b9e3]" started-at="2025-05-16T22:51:45 PDT" name="dataStructureValidation" data-provider="dataStructureTitle" finished-at="2025-05-16T22:51:46 PDT" duration-ms="1131" status="PASS">
          <params>
            <param index="0">
              <value>
                <![CDATA[Data Structures-Introduction]]>
              </value>
            </param>
          </params>
          <reporter-output>
          </reporter-output>
        </test-method> <!-- dataStructureValidation -->
        <test-method is-config="true" signature="tearDown()[pri:0, instance:tests.DataStructureIntroTest@c86b9e3]" started-at="2025-05-16T22:51:46 PDT" name="tearDown" finished-at="2025-05-16T22:51:46 PDT" duration-ms="316" status="PASS">
          <reporter-output>
          </reporter-output>
        </test-method> <!-- tearDown -->
        <test-method is-config="true" signature="setUp()[pri:0, instance:tests.DataStructureIntroTest@c86b9e3]" started-at="2025-05-16T22:51:46 PDT" name="setUp" finished-at="2025-05-16T22:51:49 PDT" duration-ms="2049" status="PASS">
          <reporter-output>
          </reporter-output>
        </test-method> <!-- setUp -->
        <test-method is-config="true" signature="pageSetup()[pri:0, instance:tests.DataStructureIntroTest@c86b9e3]" started-at="2025-05-16T22:51:49 PDT" name="pageSetup" finished-at="2025-05-16T22:51:50 PDT" duration-ms="1429" status="PASS">
          <reporter-output>
          </reporter-output>
        </test-method> <!-- pageSetup -->
        <test-method signature="timeComplexity(java.lang.String)[pri:2, instance:tests.DataStructureIntroTest@c86b9e3]" started-at="2025-05-16T22:51:50 PDT" name="timeComplexity" finished-at="2025-05-16T22:51:51 PDT" duration-ms="951" status="PASS">
          <params>
            <param index="0">
              <value>
                <![CDATA[Time Complexity]]>
              </value>
            </param>
          </params>
          <reporter-output>
          </reporter-output>
        </test-method> <!-- timeComplexity -->
        <test-method is-config="true" signature="tearDown()[pri:0, instance:tests.DataStructureIntroTest@c86b9e3]" started-at="2025-05-16T22:51:51 PDT" name="tearDown" finished-at="2025-05-16T22:51:51 PDT" duration-ms="291" status="PASS">
          <reporter-output>
          </reporter-output>
        </test-method> <!-- tearDown -->
        <test-method is-config="true" signature="setUp()[pri:0, instance:tests.DataStructureIntroTest@c86b9e3]" started-at="2025-05-16T22:51:51 PDT" name="setUp" finished-at="2025-05-16T22:51:54 PDT" duration-ms="2483" status="PASS">
          <reporter-output>
          </reporter-output>
        </test-method> <!-- setUp -->
        <test-method is-config="true" signature="pageSetup()[pri:0, instance:tests.DataStructureIntroTest@c86b9e3]" started-at="2025-05-16T22:51:54 PDT" name="pageSetup" finished-at="2025-05-16T22:51:55 PDT" duration-ms="1418" status="PASS">
          <reporter-output>
          </reporter-output>
        </test-method> <!-- pageSetup -->
        <test-method signature="practiceQuestionsLinkValidation(java.lang.String)[pri:3, instance:tests.DataStructureIntroTest@c86b9e3]" started-at="2025-05-16T22:51:55 PDT" name="practiceQuestionsLinkValidation" data-provider="practiceQuestTitle" finished-at="2025-05-16T22:51:56 PDT" duration-ms="1309" status="PASS">
          <params>
            <param index="0">
              <value>
                <![CDATA[Practice Questions]]>
              </value>
            </param>
          </params>
          <reporter-output>
          </reporter-output>
        </test-method> <!-- practiceQuestionsLinkValidation -->
        <test-method is-config="true" signature="tearDown()[pri:0, instance:tests.DataStructureIntroTest@c86b9e3]" started-at="2025-05-16T22:51:56 PDT" name="tearDown" finished-at="2025-05-16T22:51:57 PDT" duration-ms="283" status="PASS">
          <reporter-output>
          </reporter-output>
        </test-method> <!-- tearDown -->
        <test-method is-config="true" signature="setUp()[pri:0, instance:tests.DataStructureIntroTest@c86b9e3]" started-at="2025-05-16T22:51:57 PDT" name="setUp" finished-at="2025-05-16T22:51:59 PDT" duration-ms="2070" status="PASS">
          <reporter-output>
          </reporter-output>
        </test-method> <!-- setUp -->
        <test-method is-config="true" signature="pageSetup()[pri:0, instance:tests.DataStructureIntroTest@c86b9e3]" started-at="2025-05-16T22:51:59 PDT" name="pageSetup" finished-at="2025-05-16T22:52:01 PDT" duration-ms="1850" status="PASS">
          <reporter-output>
          </reporter-output>
        </test-method> <!-- pageSetup -->
        <test-method signature="tryhereValidation(java.lang.String)[pri:4, instance:tests.DataStructureIntroTest@c86b9e3]" started-at="2025-05-16T22:52:01 PDT" name="tryhereValidation" data-provider="tryEditorTitle" finished-at="2025-05-16T22:52:04 PDT" duration-ms="3593" status="PASS">
          <params>
            <param index="0">
              <value>
                <![CDATA[Assessment]]>
              </value>
            </param>
          </params>
          <reporter-output>
          </reporter-output>
        </test-method> <!-- tryhereValidation -->
        <test-method is-config="true" signature="tearDown()[pri:0, instance:tests.DataStructureIntroTest@c86b9e3]" started-at="2025-05-16T22:52:04 PDT" name="tearDown" finished-at="2025-05-16T22:52:05 PDT" duration-ms="294" status="PASS">
          <reporter-output>
          </reporter-output>
        </test-method> <!-- tearDown -->
        <test-method is-config="true" signature="setUp()[pri:0, instance:tests.DataStructureIntroTest@c86b9e3]" started-at="2025-05-16T22:52:05 PDT" name="setUp" finished-at="2025-05-16T22:52:07 PDT" duration-ms="2123" status="PASS">
          <reporter-output>
          </reporter-output>
        </test-method> <!-- setUp -->
        <test-method is-config="true" signature="pageSetup()[pri:0, instance:tests.DataStructureIntroTest@c86b9e3]" started-at="2025-05-16T22:52:07 PDT" name="pageSetup" finished-at="2025-05-16T22:52:08 PDT" duration-ms="1443" status="PASS">
          <reporter-output>
          </reporter-output>
        </test-method> <!-- pageSetup -->
        <test-method signature="tryEditorValidationWithoutCode()[pri:5, instance:tests.DataStructureIntroTest@c86b9e3]" started-at="2025-05-16T22:52:08 PDT" name="tryEditorValidationWithoutCode" finished-at="2025-05-16T22:52:12 PDT" duration-ms="4333" status="PASS">
          <reporter-output>
          </reporter-output>
        </test-method> <!-- tryEditorValidationWithoutCode -->
        <test-method is-config="true" signature="tearDown()[pri:0, instance:tests.DataStructureIntroTest@c86b9e3]" started-at="2025-05-16T22:52:12 PDT" name="tearDown" finished-at="2025-05-16T22:52:13 PDT" duration-ms="289" status="PASS">
          <reporter-output>
          </reporter-output>
        </test-method> <!-- tearDown -->
        <test-method is-config="true" signature="setUp()[pri:0, instance:tests.DataStructureIntroTest@c86b9e3]" started-at="2025-05-16T22:52:13 PDT" name="setUp" finished-at="2025-05-16T22:52:15 PDT" duration-ms="2070" status="PASS">
          <reporter-output>
          </reporter-output>
        </test-method> <!-- setUp -->
        <test-method is-config="true" signature="pageSetup()[pri:0, instance:tests.DataStructureIntroTest@c86b9e3]" started-at="2025-05-16T22:52:15 PDT" name="pageSetup" finished-at="2025-05-16T22:52:16 PDT" duration-ms="1419" status="PASS">
          <reporter-output>
          </reporter-output>
        </test-method> <!-- pageSetup -->
        <test-method signature="incorrectPythonCodeValidation()[pri:6, instance:tests.DataStructureIntroTest@c86b9e3]" started-at="2025-05-16T22:52:16 PDT" name="incorrectPythonCodeValidation" finished-at="2025-05-16T22:52:34 PDT" duration-ms="18276" status="PASS">
          <reporter-output>
          </reporter-output>
        </test-method> <!-- incorrectPythonCodeValidation -->
        <test-method is-config="true" signature="tearDown()[pri:0, instance:tests.DataStructureIntroTest@c86b9e3]" started-at="2025-05-16T22:52:34 PDT" name="tearDown" finished-at="2025-05-16T22:52:35 PDT" duration-ms="386" status="PASS">
          <reporter-output>
          </reporter-output>
        </test-method> <!-- tearDown -->
        <test-method is-config="true" signature="setUp()[pri:0, instance:tests.DataStructureIntroTest@c86b9e3]" started-at="2025-05-16T22:52:35 PDT" name="setUp" finished-at="2025-05-16T22:52:38 PDT" duration-ms="3530" status="PASS">
          <reporter-output>
          </reporter-output>
        </test-method> <!-- setUp -->
        <test-method is-config="true" signature="pageSetup()[pri:0, instance:tests.DataStructureIntroTest@c86b9e3]" started-at="2025-05-16T22:52:38 PDT" name="pageSetup" finished-at="2025-05-16T22:52:40 PDT" duration-ms="1422" status="PASS">
          <reporter-output>
          </reporter-output>
        </test-method> <!-- pageSetup -->
        <test-method signature="validPythonCodeValidation()[pri:7, instance:tests.DataStructureIntroTest@c86b9e3]" started-at="2025-05-16T22:52:40 PDT" name="validPythonCodeValidation" finished-at="2025-05-16T22:52:54 PDT" duration-ms="14234" status="PASS">
          <reporter-output>
          </reporter-output>
        </test-method> <!-- validPythonCodeValidation -->
        <test-method is-config="true" signature="tearDown()[pri:0, instance:tests.DataStructureIntroTest@c86b9e3]" started-at="2025-05-16T22:52:54 PDT" name="tearDown" finished-at="2025-05-16T22:52:54 PDT" duration-ms="339" status="PASS">
          <reporter-output>
          </reporter-output>
        </test-method> <!-- tearDown -->
        <test-method is-config="true" signature="setUp()[pri:0, instance:tests.DataStructureIntroTest@c86b9e3]" started-at="2025-05-16T22:52:54 PDT" name="setUp" finished-at="2025-05-16T22:52:57 PDT" duration-ms="2474" status="PASS">
          <reporter-output>
          </reporter-output>
        </test-method> <!-- setUp -->
        <test-method is-config="true" signature="pageSetup()[pri:0, instance:tests.DataStructureIntroTest@c86b9e3]" started-at="2025-05-16T22:52:57 PDT" name="pageSetup" finished-at="2025-05-16T22:52:58 PDT" duration-ms="1425" status="PASS">
          <reporter-output>
          </reporter-output>
        </test-method> <!-- pageSetup -->
        <test-method signature="navigateBack(java.lang.String)[pri:8, instance:tests.DataStructureIntroTest@c86b9e3]" started-at="2025-05-16T22:52:58 PDT" name="navigateBack" finished-at="2025-05-16T22:53:01 PDT" duration-ms="2396" status="PASS">
          <params>
            <param index="0">
              <value>
                <![CDATA[Time Complexity]]>
              </value>
            </param>
          </params>
          <reporter-output>
          </reporter-output>
        </test-method> <!-- navigateBack -->
        <test-method is-config="true" signature="tearDown()[pri:0, instance:tests.DataStructureIntroTest@c86b9e3]" started-at="2025-05-16T22:53:01 PDT" name="tearDown" finished-at="2025-05-16T22:53:01 PDT" duration-ms="290" status="PASS">
          <reporter-output>
          </reporter-output>
        </test-method> <!-- tearDown -->
        <test-method is-config="true" signature="setUp()[pri:0, instance:tests.DataStructureIntroTest@c86b9e3]" started-at="2025-05-16T22:53:01 PDT" name="setUp" finished-at="2025-05-16T22:53:03 PDT" duration-ms="1891" status="PASS">
          <reporter-output>
          </reporter-output>
        </test-method> <!-- setUp -->
        <test-method is-config="true" signature="pageSetup()[pri:0, instance:tests.DataStructureIntroTest@c86b9e3]" started-at="2025-05-16T22:53:03 PDT" name="pageSetup" finished-at="2025-05-16T22:53:05 PDT" duration-ms="1837" status="PASS">
          <reporter-output>
          </reporter-output>
        </test-method> <!-- pageSetup -->
        <test-method signature="signoutValidation(java.lang.String)[pri:9, instance:tests.DataStructureIntroTest@c86b9e3]" started-at="2025-05-16T22:53:05 PDT" name="signoutValidation" finished-at="2025-05-16T22:53:09 PDT" duration-ms="4143" status="PASS">
          <params>
            <param index="0">
              <value>
                <![CDATA[NumpyNinja]]>
              </value>
            </param>
          </params>
          <reporter-output>
          </reporter-output>
        </test-method> <!-- signoutValidation -->
        <test-method is-config="true" signature="tearDown()[pri:0, instance:tests.DataStructureIntroTest@c86b9e3]" started-at="2025-05-16T22:53:09 PDT" name="tearDown" finished-at="2025-05-16T22:53:09 PDT" duration-ms="302" status="PASS">
          <reporter-output>
          </reporter-output>
        </test-method> <!-- tearDown -->
      </class> <!-- tests.DataStructureIntroTest -->
    </test> <!-- dataStructureIntro -->
  </suite> <!-- ds-algo -->
</testng-results>
