<?xml version="1.0" encoding="UTF-8"?>
<testng-results ignored="0" total="4" passed="4" failed="0" skipped="0">
  <reporter-output>
  </reporter-output>
  <suite started-at="2025-05-21T00:50:47 EDT" name="Default suite" finished-at="2025-05-21T00:51:17 EDT" duration-ms="29933">
    <groups>
    </groups>
    <test started-at="2025-05-21T00:50:47 EDT" name="Default test" finished-at="2025-05-21T00:51:17 EDT" duration-ms="29933">
      <class name="tests.LoginTest">
        <test-method is-config="true" signature="setup(java.lang.String)[pri:0, instance:tests.LoginTest@c86b9e3]" started-at="2025-05-21T00:50:47 EDT" name="setup" finished-at="2025-05-21T00:51:03 EDT" duration-ms="16165" status="PASS">
          <params>
            <param index="0">
              <value>
                <![CDATA[chrome]]>
              </value>
            </param>
          </params>
          <reporter-output>
          </reporter-output>
        </test-method> <!-- setup -->
        <test-method is-config="true" signature="inintPageObjects()[pri:0, instance:tests.LoginTest@c86b9e3]" started-at="2025-05-21T00:51:03 EDT" name="inintPageObjects" finished-at="2025-05-21T00:51:05 EDT" duration-ms="2044" status="PASS">
          <reporter-output>
          </reporter-output>
        </test-method> <!-- inintPageObjects -->
        <test-method signature="the_user_leave_the_username_field_empty_and_click_login()[pri:1, instance:tests.LoginTest@c86b9e3]" started-at="2025-05-21T00:51:05 EDT" name="the_user_leave_the_username_field_empty_and_click_login" finished-at="2025-05-21T00:51:05 EDT" duration-ms="274" status="PASS">
          <reporter-output>
          </reporter-output>
        </test-method> <!-- the_user_leave_the_username_field_empty_and_click_login -->
        <test-method is-config="true" signature="tearDown()[pri:0, instance:tests.LoginTest@c86b9e3]" started-at="2025-05-21T00:51:05 EDT" name="tearDown" finished-at="2025-05-21T00:51:05 EDT" duration-ms="205" status="PASS">
          <reporter-output>
          </reporter-output>
        </test-method> <!-- tearDown -->
        <test-method is-config="true" signature="setup(java.lang.String)[pri:0, instance:tests.LoginTest@c86b9e3]" started-at="2025-05-21T00:51:05 EDT" name="setup" finished-at="2025-05-21T00:51:07 EDT" duration-ms="1401" status="PASS">
          <params>
            <param index="0">
              <value>
                <![CDATA[chrome]]>
              </value>
            </param>
          </params>
          <reporter-output>
          </reporter-output>
        </test-method> <!-- setup -->
        <test-method is-config="true" signature="inintPageObjects()[pri:0, instance:tests.LoginTest@c86b9e3]" started-at="2025-05-21T00:51:07 EDT" name="inintPageObjects" finished-at="2025-05-21T00:51:08 EDT" duration-ms="1018" status="PASS">
          <reporter-output>
          </reporter-output>
        </test-method> <!-- inintPageObjects -->
        <test-method signature="the_user_leave_the_password_field_empty_and_click_login()[pri:2, instance:tests.LoginTest@c86b9e3]" started-at="2025-05-21T00:51:08 EDT" name="the_user_leave_the_password_field_empty_and_click_login" finished-at="2025-05-21T00:51:08 EDT" duration-ms="303" status="PASS">
          <reporter-output>
          </reporter-output>
        </test-method> <!-- the_user_leave_the_password_field_empty_and_click_login -->
        <test-method is-config="true" signature="tearDown()[pri:0, instance:tests.LoginTest@c86b9e3]" started-at="2025-05-21T00:51:08 EDT" name="tearDown" finished-at="2025-05-21T00:51:08 EDT" duration-ms="230" status="PASS">
          <reporter-output>
          </reporter-output>
        </test-method> <!-- tearDown -->
        <test-method is-config="true" signature="setup(java.lang.String)[pri:0, instance:tests.LoginTest@c86b9e3]" started-at="2025-05-21T00:51:09 EDT" name="setup" finished-at="2025-05-21T00:51:10 EDT" duration-ms="1269" status="PASS">
          <params>
            <param index="0">
              <value>
                <![CDATA[chrome]]>
              </value>
            </param>
          </params>
          <reporter-output>
          </reporter-output>
        </test-method> <!-- setup -->
        <test-method is-config="true" signature="inintPageObjects()[pri:0, instance:tests.LoginTest@c86b9e3]" started-at="2025-05-21T00:51:10 EDT" name="inintPageObjects" finished-at="2025-05-21T00:51:12 EDT" duration-ms="1257" status="PASS">
          <reporter-output>
          </reporter-output>
        </test-method> <!-- inintPageObjects -->
        <test-method signature="testblankLogin(java.lang.String,java.lang.String)[pri:3, instance:tests.LoginTest@c86b9e3]" started-at="2025-05-21T00:51:12 EDT" name="testblankLogin" data-provider="inValidLoginData" finished-at="2025-05-21T00:51:12 EDT" duration-ms="684" status="PASS">
          <params>
            <param index="0">
              <value>
                <![CDATA[Automation]]>
              </value>
            </param>
            <param index="1">
              <value>
                <![CDATA[Nump]]>
              </value>
            </param>
          </params>
          <reporter-output>
          </reporter-output>
        </test-method> <!-- testblankLogin -->
        <test-method is-config="true" signature="tearDown()[pri:0, instance:tests.LoginTest@c86b9e3]" started-at="2025-05-21T00:51:12 EDT" name="tearDown" finished-at="2025-05-21T00:51:13 EDT" duration-ms="183" status="PASS">
          <reporter-output>
          </reporter-output>
        </test-method> <!-- tearDown -->
        <test-method is-config="true" signature="setup(java.lang.String)[pri:0, instance:tests.LoginTest@c86b9e3]" started-at="2025-05-21T00:51:13 EDT" name="setup" finished-at="2025-05-21T00:51:14 EDT" duration-ms="1359" status="PASS">
          <params>
            <param index="0">
              <value>
                <![CDATA[chrome]]>
              </value>
            </param>
          </params>
          <reporter-output>
          </reporter-output>
        </test-method> <!-- setup -->
        <test-method is-config="true" signature="inintPageObjects()[pri:0, instance:tests.LoginTest@c86b9e3]" started-at="2025-05-21T00:51:14 EDT" name="inintPageObjects" finished-at="2025-05-21T00:51:15 EDT" duration-ms="1489" status="PASS">
          <reporter-output>
          </reporter-output>
        </test-method> <!-- inintPageObjects -->
        <test-method signature="testValidLogin(java.lang.String,java.lang.String)[pri:4, instance:tests.LoginTest@c86b9e3]" started-at="2025-05-21T00:51:15 EDT" name="testValidLogin" data-provider="ValidLoginData" finished-at="2025-05-21T00:51:16 EDT" duration-ms="992" status="PASS">
          <params>
            <param index="0">
              <value>
                <![CDATA[Automation_enthus]]>
              </value>
            </param>
            <param index="1">
              <value>
                <![CDATA[Numpy@ninja2025]]>
              </value>
            </param>
          </params>
          <reporter-output>
          </reporter-output>
        </test-method> <!-- testValidLogin -->
        <test-method is-config="true" signature="tearDown()[pri:0, instance:tests.LoginTest@c86b9e3]" started-at="2025-05-21T00:51:16 EDT" name="tearDown" finished-at="2025-05-21T00:51:17 EDT" duration-ms="203" status="PASS">
          <reporter-output>
          </reporter-output>
        </test-method> <!-- tearDown -->
      </class> <!-- tests.LoginTest -->
    </test> <!-- Default test -->
  </suite> <!-- Default suite -->
</testng-results>
