<?xml version="1.0" encoding="UTF-8"?>
<testng-results ignored="0" total="1" passed="1" failed="0" skipped="0">
  <reporter-output>
  </reporter-output>
  <suite started-at="2025-05-21T23:25:28 EDT" name="Default suite" finished-at="2025-05-21T23:25:34 EDT" duration-ms="6054">
    <groups>
    </groups>
    <test started-at="2025-05-21T23:25:28 EDT" name="Default test" finished-at="2025-05-21T23:25:34 EDT" duration-ms="6054">
      <class name="tests.ArrayTest">
        <test-method is-config="true" signature="setup(java.lang.String)[pri:0, instance:tests.ArrayTest@17d238b1, instance params:[Automation_enthus, Numpy@ninja2025]]" started-at="2025-05-21T23:25:28 EDT" name="setup" finished-at="2025-05-21T23:25:32 EDT" duration-ms="3375" status="PASS">
          <params>
            <param index="0">
              <value>
                <![CDATA[chrome]]>
              </value>
            </param>
          </params>
          <reporter-output>
          </reporter-output>
        </test-method> <!-- setup -->
        <test-method is-config="true" signature="initPageObjects()[pri:0, instance:tests.ArrayTest@17d238b1, instance params:[Automation_enthus, Numpy@ninja2025]]" started-at="2025-05-21T23:25:32 EDT" name="initPageObjects" finished-at="2025-05-21T23:25:34 EDT" duration-ms="2070" status="PASS">
          <reporter-output>
          </reporter-output>
        </test-method> <!-- initPageObjects -->
        <test-method signature="verifyUserIsInArrayPage()[pri:1, instance:tests.ArrayTest@17d238b1, instance params:[Automation_enthus, Numpy@ninja2025]]" started-at="2025-05-21T23:25:34 EDT" name="verifyUserIsInArrayPage" finished-at="2025-05-21T23:25:34 EDT" duration-ms="342" status="PASS">
          <reporter-output>
          </reporter-output>
        </test-method> <!-- verifyUserIsInArrayPage -->
        <test-method is-config="true" signature="tearDown()[pri:0, instance:tests.ArrayTest@17d238b1, instance params:[Automation_enthus, Numpy@ninja2025]]" started-at="2025-05-21T23:25:34 EDT" name="tearDown" finished-at="2025-05-21T23:25:34 EDT" duration-ms="231" status="PASS">
          <reporter-output>
          </reporter-output>
        </test-method> <!-- tearDown -->
      </class> <!-- tests.ArrayTest -->
    </test> <!-- Default test -->
  </suite> <!-- Default suite -->
</testng-results>
