<?xml version="1.0" encoding="UTF-8"?>
<testng-results ignored="24" total="25" passed="1" failed="0" skipped="0">
  <reporter-output>
  </reporter-output>
  <suite started-at="2025-05-24T13:36:33 PDT" name="Default suite" finished-at="2025-05-24T13:36:50 PDT" duration-ms="17231">
    <groups>
    </groups>
    <test started-at="2025-05-24T13:36:33 PDT" name="Default test" finished-at="2025-05-24T13:36:50 PDT" duration-ms="17231">
      <class name="tests.ArrayTest">
        <test-method is-config="true" signature="setUp(java.lang.String)[pri:0, instance:tests.ArrayTest@4d1c00d0]" started-at="2025-05-24T13:36:33 PDT" name="setUp" finished-at="2025-05-24T13:36:36 PDT" duration-ms="2868" status="PASS">
          <params>
            <param index="0">
              <value>
                <![CDATA[chrome]]>
              </value>
            </param>
          </params>
          <reporter-output>
          </reporter-output>
        </test-method> <!-- setUp -->
        <test-method is-config="true" signature="loginAndSetUp()[pri:0, instance:tests.ArrayTest@4d1c00d0]" started-at="2025-05-24T13:36:36 PDT" name="loginAndSetUp" finished-at="2025-05-24T13:36:49 PDT" duration-ms="13797" status="PASS">
          <reporter-output>
          </reporter-output>
        </test-method> <!-- loginAndSetUp -->
        <test-method signature="verifyUserIsInArrayPage()[pri:1, instance:tests.ArrayTest@4d1c00d0]" started-at="2025-05-24T13:36:49 PDT" name="verifyUserIsInArrayPage" finished-at="2025-05-24T13:36:50 PDT" duration-ms="394" status="PASS">
          <reporter-output>
          </reporter-output>
        </test-method> <!-- verifyUserIsInArrayPage -->
        <test-method is-config="true" signature="tearDown()[pri:0, instance:tests.ArrayTest@4d1c00d0]" started-at="2025-05-24T13:36:50 PDT" name="tearDown" finished-at="2025-05-24T13:36:50 PDT" duration-ms="137" status="PASS">
          <reporter-output>
          </reporter-output>
        </test-method> <!-- tearDown -->
      </class> <!-- tests.ArrayTest -->
    </test> <!-- Default test -->
  </suite> <!-- Default suite -->
</testng-results>
