<?xml version="1.0" encoding="UTF-8"?>
<testng-results ignored="24" total="25" passed="1" failed="0" skipped="0">
  <reporter-output>
  </reporter-output>
  <suite started-at="2025-05-23T00:45:15 EDT" name="Default suite" finished-at="2025-05-23T00:45:19 EDT" duration-ms="3597">
    <groups>
    </groups>
    <test started-at="2025-05-23T00:45:15 EDT" name="Default test" finished-at="2025-05-23T00:45:19 EDT" duration-ms="3597">
      <class name="tests.ArrayTest">
        <test-method is-config="true" signature="setUp()[pri:0, instance:tests.ArrayTest@37d00a23, instance params:[Automation_enthus, Numpy@ninja2025]]" started-at="2025-05-23T00:45:15 EDT" name="setUp" finished-at="2025-05-23T00:45:18 EDT" duration-ms="2226" status="PASS">
          <reporter-output>
          </reporter-output>
        </test-method> <!-- setUp -->
        <test-method is-config="true" signature="initPageObjects()[pri:0, instance:tests.ArrayTest@37d00a23, instance params:[Automation_enthus, Numpy@ninja2025]]" started-at="2025-05-23T00:45:18 EDT" name="initPageObjects" finished-at="2025-05-23T00:45:18 EDT" duration-ms="826" status="PASS">
          <reporter-output>
          </reporter-output>
        </test-method> <!-- initPageObjects -->
        <test-method signature="verifyUserIsInArrayPage()[pri:1, instance:tests.ArrayTest@37d00a23, instance params:[Automation_enthus, Numpy@ninja2025]]" started-at="2025-05-23T00:45:18 EDT" name="verifyUserIsInArrayPage" finished-at="2025-05-23T00:45:19 EDT" duration-ms="268" status="PASS">
          <reporter-output>
          </reporter-output>
        </test-method> <!-- verifyUserIsInArrayPage -->
        <test-method is-config="true" signature="tearDown()[pri:0, instance:tests.ArrayTest@37d00a23, instance params:[Automation_enthus, Numpy@ninja2025]]" started-at="2025-05-23T00:45:19 EDT" name="tearDown" finished-at="2025-05-23T00:45:19 EDT" duration-ms="220" status="PASS">
          <reporter-output>
          </reporter-output>
        </test-method> <!-- tearDown -->
      </class> <!-- tests.ArrayTest -->
    </test> <!-- Default test -->
  </suite> <!-- Default suite -->
</testng-results>
