<?xml version="1.0" encoding="UTF-8"?>
<testng-results ignored="7" total="8" passed="1" failed="0" skipped="0">
  <reporter-output>
  </reporter-output>
  <suite started-at="2025-05-20T20:05:08 CDT" name="Default suite" finished-at="2025-05-20T20:05:14 CDT" duration-ms="5285">
    <groups>
    </groups>
    <test started-at="2025-05-20T20:05:08 CDT" name="Default test" finished-at="2025-05-20T20:05:14 CDT" duration-ms="5285">
      <class name="tests.StackTest">
        <test-method is-config="true" signature="setUp()[pri:0, instance:tests.StackTest@37271612]" started-at="2025-05-20T20:05:08 CDT" name="setUp" finished-at="2025-05-20T20:05:12 CDT" duration-ms="3554" status="PASS">
          <reporter-output>
          </reporter-output>
        </test-method> <!-- setUp -->
        <test-method is-config="true" signature="loginAndSetUp()[pri:0, instance:tests.StackTest@37271612]" started-at="2025-05-20T20:05:12 CDT" name="loginAndSetUp" finished-at="2025-05-20T20:05:13 CDT" duration-ms="1048" status="PASS">
          <reporter-output>
          </reporter-output>
        </test-method> <!-- loginAndSetUp -->
        <test-method signature="verifyUserIsInStackPage()[pri:1, instance:tests.StackTest@37271612]" started-at="2025-05-20T20:05:13 CDT" name="verifyUserIsInStackPage" finished-at="2025-05-20T20:05:13 CDT" duration-ms="423" status="PASS">
          <reporter-output>
          </reporter-output>
        </test-method> <!-- verifyUserIsInStackPage -->
        <test-method is-config="true" signature="tearDown()[pri:0, instance:tests.StackTest@37271612]" started-at="2025-05-20T20:05:13 CDT" name="tearDown" finished-at="2025-05-20T20:05:14 CDT" duration-ms="218" status="PASS">
          <reporter-output>
          </reporter-output>
        </test-method> <!-- tearDown -->
      </class> <!-- tests.StackTest -->
    </test> <!-- Default test -->
  </suite> <!-- Default suite -->
</testng-results>
